<?xml version="1.0" encoding="UTF-8"?>
<Site BuildName="Darwin-clang++"
	BuildStamp="20210617-0623-Experimental"
	Name="localhost"
	Generator="ctest-3.20.3"
	CompilerName="/usr/bin/clang++"
	CompilerVersion="12.0.0.12000032"
	OSName="Mac OS X"
	Hostname="localhost"
	OSRelease="10.15.7"
	OSVersion="19H1030"
	OSPlatform="x86_64"
	Is64Bits="1"
	VendorString="GenuineIntel"
	VendorID="Intel Corporation"
	FamilyID="6"
	ModelID="126"
	ProcessorCacheSize="32768"
	NumberOfLogicalCPU="8"
	NumberOfPhysicalCPU="4"
	TotalVirtualMemory="4096"
	TotalPhysicalMemory="16384"
	LogicalProcessorsPerPhysical="8"
	ProcessorClockFrequency="2000"
	>
	<Testing>
		<StartDateTime>Jun 17 14:23 CST</StartDateTime>
		<StartTestTime>1623910981</StartTestTime>
		<TestList/>
		<EndDateTime>Jun 17 14:23 CST</EndDateTime>
		<EndTestTime>1623910981</EndTestTime>
		<ElapsedMinutes>0</ElapsedMinutes>
	</Testing>
</Site>
